[30-Apr-2025 17:32:44 UTC] Automatic updates starting...
[30-Apr-2025 17:32:44 UTC] Automatic updates complete.
[30-Apr-2025 17:55:46 UTC] PHP Deprecated:  substr(): Passing null to parameter #1 ($string) of type string is deprecated in /var/www/portal.pinnacleautofinance.com/wp-content/plugins/updraftplus/includes/class-manipulation-functions.php on line 169
[30-Apr-2025 17:55:46 UTC] PHP Deprecated:  substr(): Passing null to parameter #1 ($string) of type string is deprecated in /var/www/portal.pinnacleautofinance.com/wp-content/plugins/updraftplus/includes/class-manipulation-functions.php on line 169
[30-Apr-2025 17:55:46 UTC] PHP Deprecated:  preg_match(): Passing null to parameter #2 ($subject) of type string is deprecated in /var/www/portal.pinnacleautofinance.com/wp-content/plugins/updraftplus/includes/class-manipulation-functions.php on line 169
[30-Apr-2025 17:55:46 UTC] PHP Deprecated:  substr(): Passing null to parameter #1 ($string) of type string is deprecated in /var/www/portal.pinnacleautofinance.com/wp-content/plugins/updraftplus/includes/class-manipulation-functions.php on line 169
[30-Apr-2025 17:55:46 UTC] PHP Deprecated:  substr(): Passing null to parameter #1 ($string) of type string is deprecated in /var/www/portal.pinnacleautofinance.com/wp-content/plugins/updraftplus/includes/class-manipulation-functions.php on line 169
[30-Apr-2025 17:55:46 UTC] PHP Deprecated:  preg_match(): Passing null to parameter #2 ($subject) of type string is deprecated in /var/www/portal.pinnacleautofinance.com/wp-content/plugins/updraftplus/includes/class-manipulation-functions.php on line 169
[30-Apr-2025 17:55:46 UTC] PHP Deprecated:  preg_replace(): Passing null to parameter #3 ($subject) of type array|string is deprecated in /var/www/portal.pinnacleautofinance.com/wp-content/plugins/updraftplus/includes/class-manipulation-functions.php on line 48
[30-Apr-2025 17:55:46 UTC] PHP Deprecated:  preg_replace(): Passing null to parameter #3 ($subject) of type array|string is deprecated in /var/www/portal.pinnacleautofinance.com/wp-content/plugins/updraftplus/includes/class-manipulation-functions.php on line 48
[30-Apr-2025 17:55:46 UTC] PHP Deprecated:  preg_replace(): Passing null to parameter #3 ($subject) of type array|string is deprecated in /var/www/portal.pinnacleautofinance.com/wp-content/plugins/updraftplus/includes/class-manipulation-functions.php on line 48
[30-Apr-2025 17:55:46 UTC] PHP Deprecated:  preg_match(): Passing null to parameter #2 ($subject) of type string is deprecated in /var/www/portal.pinnacleautofinance.com/wp-content/plugins/updraftplus/options.php on line 267
[30-Apr-2025 17:55:46 UTC] PHP Deprecated:  preg_match(): Passing null to parameter #2 ($subject) of type string is deprecated in /var/www/portal.pinnacleautofinance.com/wp-content/plugins/updraftplus/options.php on line 267
[30-Apr-2025 21:06:00 UTC] PHP Deprecated:  mb_strtolower(): Passing null to parameter #1 ($string) of type string is deprecated in /var/www/portal.pinnacleautofinance.com/wp-content/plugins/redirect-redirection/includes/irrp-helper.php on line 364
[30-Apr-2025 21:16:35 UTC] PHP Deprecated:  mb_strtolower(): Passing null to parameter #1 ($string) of type string is deprecated in /var/www/portal.pinnacleautofinance.com/wp-content/plugins/redirect-redirection/includes/irrp-helper.php on line 364
[30-Apr-2025 23:51:19 UTC] PHP Deprecated:  mb_strtolower(): Passing null to parameter #1 ($string) of type string is deprecated in /var/www/portal.pinnacleautofinance.com/wp-content/plugins/redirect-redirection/includes/irrp-helper.php on line 364
[01-May-2025 00:29:15 UTC] PHP Deprecated:  mb_strtolower(): Passing null to parameter #1 ($string) of type string is deprecated in /var/www/portal.pinnacleautofinance.com/wp-content/plugins/redirect-redirection/includes/irrp-helper.php on line 364
[01-May-2025 01:33:48 UTC] PHP Deprecated:  mb_strtolower(): Passing null to parameter #1 ($string) of type string is deprecated in /var/www/portal.pinnacleautofinance.com/wp-content/plugins/redirect-redirection/includes/irrp-helper.php on line 364
[01-May-2025 01:47:24 UTC] PHP Deprecated:  mb_strtolower(): Passing null to parameter #1 ($string) of type string is deprecated in /var/www/portal.pinnacleautofinance.com/wp-content/plugins/redirect-redirection/includes/irrp-helper.php on line 364
[01-May-2025 02:12:11 UTC] PHP Deprecated:  mb_strtolower(): Passing null to parameter #1 ($string) of type string is deprecated in /var/www/portal.pinnacleautofinance.com/wp-content/plugins/redirect-redirection/includes/irrp-helper.php on line 364
[01-May-2025 04:00:11 UTC] PHP Deprecated:  mb_strtolower(): Passing null to parameter #1 ($string) of type string is deprecated in /var/www/portal.pinnacleautofinance.com/wp-content/plugins/redirect-redirection/includes/irrp-helper.php on line 364
[01-May-2025 04:00:14 UTC] PHP Deprecated:  mb_strtolower(): Passing null to parameter #1 ($string) of type string is deprecated in /var/www/portal.pinnacleautofinance.com/wp-content/plugins/redirect-redirection/includes/irrp-helper.php on line 364
[01-May-2025 04:00:29 UTC] PHP Deprecated:  mb_strtolower(): Passing null to parameter #1 ($string) of type string is deprecated in /var/www/portal.pinnacleautofinance.com/wp-content/plugins/redirect-redirection/includes/irrp-helper.php on line 364
[01-May-2025 04:00:29 UTC] PHP Deprecated:  mb_strtolower(): Passing null to parameter #1 ($string) of type string is deprecated in /var/www/portal.pinnacleautofinance.com/wp-content/plugins/redirect-redirection/includes/irrp-helper.php on line 364
[01-May-2025 09:05:24 UTC] PHP Deprecated:  mb_strtolower(): Passing null to parameter #1 ($string) of type string is deprecated in /var/www/portal.pinnacleautofinance.com/wp-content/plugins/redirect-redirection/includes/irrp-helper.php on line 364
[01-May-2025 10:25:44 UTC] PHP Deprecated:  mb_strtolower(): Passing null to parameter #1 ($string) of type string is deprecated in /var/www/portal.pinnacleautofinance.com/wp-content/plugins/redirect-redirection/includes/irrp-helper.php on line 364
[01-May-2025 11:35:54 UTC] PHP Deprecated:  mb_strtolower(): Passing null to parameter #1 ($string) of type string is deprecated in /var/www/portal.pinnacleautofinance.com/wp-content/plugins/redirect-redirection/includes/irrp-helper.php on line 364
[01-May-2025 13:01:24 UTC] PHP Deprecated:  mb_strtolower(): Passing null to parameter #1 ($string) of type string is deprecated in /var/www/portal.pinnacleautofinance.com/wp-content/plugins/redirect-redirection/includes/irrp-helper.php on line 364
[01-May-2025 13:44:51 UTC] PHP Deprecated:  mb_strtolower(): Passing null to parameter #1 ($string) of type string is deprecated in /var/www/portal.pinnacleautofinance.com/wp-content/plugins/redirect-redirection/includes/irrp-helper.php on line 364
[01-May-2025 13:44:52 UTC] PHP Deprecated:  mb_strtolower(): Passing null to parameter #1 ($string) of type string is deprecated in /var/www/portal.pinnacleautofinance.com/wp-content/plugins/redirect-redirection/includes/irrp-helper.php on line 364
[01-May-2025 13:44:52 UTC] PHP Deprecated:  mb_strtolower(): Passing null to parameter #1 ($string) of type string is deprecated in /var/www/portal.pinnacleautofinance.com/wp-content/plugins/redirect-redirection/includes/irrp-helper.php on line 364
[01-May-2025 13:44:52 UTC] PHP Deprecated:  mb_strtolower(): Passing null to parameter #1 ($string) of type string is deprecated in /var/www/portal.pinnacleautofinance.com/wp-content/plugins/redirect-redirection/includes/irrp-helper.php on line 364
[01-May-2025 15:21:05 UTC] PHP Deprecated:  mb_strtolower(): Passing null to parameter #1 ($string) of type string is deprecated in /var/www/portal.pinnacleautofinance.com/wp-content/plugins/redirect-redirection/includes/irrp-helper.php on line 364
[01-May-2025 17:18:06 UTC] PHP Deprecated:  mb_strtolower(): Passing null to parameter #1 ($string) of type string is deprecated in /var/www/portal.pinnacleautofinance.com/wp-content/plugins/redirect-redirection/includes/irrp-helper.php on line 364
[01-May-2025 19:54:43 UTC] PHP Deprecated:  mb_strtolower(): Passing null to parameter #1 ($string) of type string is deprecated in /var/www/portal.pinnacleautofinance.com/wp-content/plugins/redirect-redirection/includes/irrp-helper.php on line 364
[01-May-2025 20:32:07 UTC] PHP Deprecated:  mb_strtolower(): Passing null to parameter #1 ($string) of type string is deprecated in /var/www/portal.pinnacleautofinance.com/wp-content/plugins/redirect-redirection/includes/irrp-helper.php on line 364
[01-May-2025 20:32:07 UTC] PHP Deprecated:  mb_strtolower(): Passing null to parameter #1 ($string) of type string is deprecated in /var/www/portal.pinnacleautofinance.com/wp-content/plugins/redirect-redirection/includes/irrp-helper.php on line 364
[01-May-2025 21:52:55 UTC] PHP Deprecated:  mb_strtolower(): Passing null to parameter #1 ($string) of type string is deprecated in /var/www/portal.pinnacleautofinance.com/wp-content/plugins/redirect-redirection/includes/irrp-helper.php on line 364
[01-May-2025 21:59:11 UTC] PHP Deprecated:  mb_strtolower(): Passing null to parameter #1 ($string) of type string is deprecated in /var/www/portal.pinnacleautofinance.com/wp-content/plugins/redirect-redirection/includes/irrp-helper.php on line 364
[02-May-2025 00:39:25 UTC] PHP Deprecated:  mb_strtolower(): Passing null to parameter #1 ($string) of type string is deprecated in /var/www/portal.pinnacleautofinance.com/wp-content/plugins/redirect-redirection/includes/irrp-helper.php on line 364
[02-May-2025 00:43:05 UTC] PHP Deprecated:  mb_strtolower(): Passing null to parameter #1 ($string) of type string is deprecated in /var/www/portal.pinnacleautofinance.com/wp-content/plugins/redirect-redirection/includes/irrp-helper.php on line 364
[02-May-2025 03:26:04 UTC] PHP Deprecated:  mb_strtolower(): Passing null to parameter #1 ($string) of type string is deprecated in /var/www/portal.pinnacleautofinance.com/wp-content/plugins/redirect-redirection/includes/irrp-helper.php on line 364
[02-May-2025 04:29:04 UTC] PHP Deprecated:  mb_strtolower(): Passing null to parameter #1 ($string) of type string is deprecated in /var/www/portal.pinnacleautofinance.com/wp-content/plugins/redirect-redirection/includes/irrp-helper.php on line 364
[02-May-2025 04:36:49 UTC] PHP Deprecated:  mb_strtolower(): Passing null to parameter #1 ($string) of type string is deprecated in /var/www/portal.pinnacleautofinance.com/wp-content/plugins/redirect-redirection/includes/irrp-helper.php on line 364
[02-May-2025 06:48:16 UTC] PHP Deprecated:  mb_strtolower(): Passing null to parameter #1 ($string) of type string is deprecated in /var/www/portal.pinnacleautofinance.com/wp-content/plugins/redirect-redirection/includes/irrp-helper.php on line 364
[02-May-2025 07:07:37 UTC] PHP Deprecated:  mb_strtolower(): Passing null to parameter #1 ($string) of type string is deprecated in /var/www/portal.pinnacleautofinance.com/wp-content/plugins/redirect-redirection/includes/irrp-helper.php on line 364
[02-May-2025 08:09:36 UTC] PHP Deprecated:  mb_strtolower(): Passing null to parameter #1 ($string) of type string is deprecated in /var/www/portal.pinnacleautofinance.com/wp-content/plugins/redirect-redirection/includes/irrp-helper.php on line 364
[02-May-2025 08:43:58 UTC] PHP Deprecated:  mb_strtolower(): Passing null to parameter #1 ($string) of type string is deprecated in /var/www/portal.pinnacleautofinance.com/wp-content/plugins/redirect-redirection/includes/irrp-helper.php on line 364
[02-May-2025 16:12:50 UTC] PHP Deprecated:  mb_strtolower(): Passing null to parameter #1 ($string) of type string is deprecated in /var/www/portal.pinnacleautofinance.com/wp-content/plugins/redirect-redirection/includes/irrp-helper.php on line 364
[02-May-2025 20:48:39 UTC] PHP Deprecated:  mb_strtolower(): Passing null to parameter #1 ($string) of type string is deprecated in /var/www/portal.pinnacleautofinance.com/wp-content/plugins/redirect-redirection/includes/irrp-helper.php on line 364
[03-May-2025 00:47:14 UTC] PHP Deprecated:  mb_strtolower(): Passing null to parameter #1 ($string) of type string is deprecated in /var/www/portal.pinnacleautofinance.com/wp-content/plugins/redirect-redirection/includes/irrp-helper.php on line 364
[03-May-2025 00:59:35 UTC] PHP Deprecated:  mb_strtolower(): Passing null to parameter #1 ($string) of type string is deprecated in /var/www/portal.pinnacleautofinance.com/wp-content/plugins/redirect-redirection/includes/irrp-helper.php on line 364
[03-May-2025 02:51:31 UTC] PHP Deprecated:  mb_strtolower(): Passing null to parameter #1 ($string) of type string is deprecated in /var/www/portal.pinnacleautofinance.com/wp-content/plugins/redirect-redirection/includes/irrp-helper.php on line 364
[03-May-2025 03:28:48 UTC] PHP Deprecated:  mb_strtolower(): Passing null to parameter #1 ($string) of type string is deprecated in /var/www/portal.pinnacleautofinance.com/wp-content/plugins/redirect-redirection/includes/irrp-helper.php on line 364
[03-May-2025 11:12:18 UTC] PHP Deprecated:  mb_strtolower(): Passing null to parameter #1 ($string) of type string is deprecated in /var/www/portal.pinnacleautofinance.com/wp-content/plugins/redirect-redirection/includes/irrp-helper.php on line 364
[03-May-2025 12:36:10 UTC] PHP Deprecated:  mb_strtolower(): Passing null to parameter #1 ($string) of type string is deprecated in /var/www/portal.pinnacleautofinance.com/wp-content/plugins/redirect-redirection/includes/irrp-helper.php on line 364
[03-May-2025 15:58:24 UTC] PHP Deprecated:  mb_strtolower(): Passing null to parameter #1 ($string) of type string is deprecated in /var/www/portal.pinnacleautofinance.com/wp-content/plugins/redirect-redirection/includes/irrp-helper.php on line 364
[03-May-2025 20:03:41 UTC] PHP Deprecated:  mb_strtolower(): Passing null to parameter #1 ($string) of type string is deprecated in /var/www/portal.pinnacleautofinance.com/wp-content/plugins/redirect-redirection/includes/irrp-helper.php on line 364
[03-May-2025 20:18:52 UTC] PHP Deprecated:  mb_strtolower(): Passing null to parameter #1 ($string) of type string is deprecated in /var/www/portal.pinnacleautofinance.com/wp-content/plugins/redirect-redirection/includes/irrp-helper.php on line 364
[03-May-2025 20:53:32 UTC] PHP Deprecated:  mb_strtolower(): Passing null to parameter #1 ($string) of type string is deprecated in /var/www/portal.pinnacleautofinance.com/wp-content/plugins/redirect-redirection/includes/irrp-helper.php on line 364
[03-May-2025 21:14:13 UTC] PHP Deprecated:  mb_strtolower(): Passing null to parameter #1 ($string) of type string is deprecated in /var/www/portal.pinnacleautofinance.com/wp-content/plugins/redirect-redirection/includes/irrp-helper.php on line 364
[03-May-2025 23:39:57 UTC] PHP Deprecated:  mb_strtolower(): Passing null to parameter #1 ($string) of type string is deprecated in /var/www/portal.pinnacleautofinance.com/wp-content/plugins/redirect-redirection/includes/irrp-helper.php on line 364
[04-May-2025 01:14:15 UTC] PHP Deprecated:  mb_strtolower(): Passing null to parameter #1 ($string) of type string is deprecated in /var/www/portal.pinnacleautofinance.com/wp-content/plugins/redirect-redirection/includes/irrp-helper.php on line 364
[04-May-2025 01:21:32 UTC] PHP Deprecated:  mb_strtolower(): Passing null to parameter #1 ($string) of type string is deprecated in /var/www/portal.pinnacleautofinance.com/wp-content/plugins/redirect-redirection/includes/irrp-helper.php on line 364
[04-May-2025 03:41:51 UTC] PHP Deprecated:  mb_strtolower(): Passing null to parameter #1 ($string) of type string is deprecated in /var/www/portal.pinnacleautofinance.com/wp-content/plugins/redirect-redirection/includes/irrp-helper.php on line 364
[04-May-2025 03:49:48 UTC] PHP Deprecated:  mb_strtolower(): Passing null to parameter #1 ($string) of type string is deprecated in /var/www/portal.pinnacleautofinance.com/wp-content/plugins/redirect-redirection/includes/irrp-helper.php on line 364
[04-May-2025 06:19:26 UTC] PHP Deprecated:  mb_strtolower(): Passing null to parameter #1 ($string) of type string is deprecated in /var/www/portal.pinnacleautofinance.com/wp-content/plugins/redirect-redirection/includes/irrp-helper.php on line 364
[04-May-2025 10:09:59 UTC] PHP Deprecated:  mb_strtolower(): Passing null to parameter #1 ($string) of type string is deprecated in /var/www/portal.pinnacleautofinance.com/wp-content/plugins/redirect-redirection/includes/irrp-helper.php on line 364
[04-May-2025 10:17:41 UTC] PHP Deprecated:  mb_strtolower(): Passing null to parameter #1 ($string) of type string is deprecated in /var/www/portal.pinnacleautofinance.com/wp-content/plugins/redirect-redirection/includes/irrp-helper.php on line 364
[04-May-2025 13:24:17 UTC] PHP Deprecated:  mb_strtolower(): Passing null to parameter #1 ($string) of type string is deprecated in /var/www/portal.pinnacleautofinance.com/wp-content/plugins/redirect-redirection/includes/irrp-helper.php on line 364
[04-May-2025 15:59:12 UTC] PHP Deprecated:  mb_strtolower(): Passing null to parameter #1 ($string) of type string is deprecated in /var/www/portal.pinnacleautofinance.com/wp-content/plugins/redirect-redirection/includes/irrp-helper.php on line 364
[04-May-2025 15:59:26 UTC] PHP Deprecated:  mb_strtolower(): Passing null to parameter #1 ($string) of type string is deprecated in /var/www/portal.pinnacleautofinance.com/wp-content/plugins/redirect-redirection/includes/irrp-helper.php on line 364
[04-May-2025 21:09:17 UTC] PHP Deprecated:  mb_strtolower(): Passing null to parameter #1 ($string) of type string is deprecated in /var/www/portal.pinnacleautofinance.com/wp-content/plugins/redirect-redirection/includes/irrp-helper.php on line 364
[04-May-2025 21:10:16 UTC] PHP Deprecated:  mb_strtolower(): Passing null to parameter #1 ($string) of type string is deprecated in /var/www/portal.pinnacleautofinance.com/wp-content/plugins/redirect-redirection/includes/irrp-helper.php on line 364
[04-May-2025 21:23:26 UTC] PHP Deprecated:  mb_strtolower(): Passing null to parameter #1 ($string) of type string is deprecated in /var/www/portal.pinnacleautofinance.com/wp-content/plugins/redirect-redirection/includes/irrp-helper.php on line 364
[04-May-2025 21:43:29 UTC] PHP Deprecated:  mb_strtolower(): Passing null to parameter #1 ($string) of type string is deprecated in /var/www/portal.pinnacleautofinance.com/wp-content/plugins/redirect-redirection/includes/irrp-helper.php on line 364
[04-May-2025 22:13:23 UTC] PHP Deprecated:  mb_strtolower(): Passing null to parameter #1 ($string) of type string is deprecated in /var/www/portal.pinnacleautofinance.com/wp-content/plugins/redirect-redirection/includes/irrp-helper.php on line 364
[05-May-2025 01:15:43 UTC] PHP Deprecated:  mb_strtolower(): Passing null to parameter #1 ($string) of type string is deprecated in /var/www/portal.pinnacleautofinance.com/wp-content/plugins/redirect-redirection/includes/irrp-helper.php on line 364
[05-May-2025 02:56:33 UTC] PHP Deprecated:  mb_strtolower(): Passing null to parameter #1 ($string) of type string is deprecated in /var/www/portal.pinnacleautofinance.com/wp-content/plugins/redirect-redirection/includes/irrp-helper.php on line 364
[05-May-2025 02:56:34 UTC] PHP Warning:  wp_version_check(): An unexpected error occurred. Something may be wrong with WordPress.org or this server&#8217;s configuration. If you continue to have problems, please try the <a href="https://wordpress.org/support/forums/">support forums</a>. (WordPress could not establish a secure connection to WordPress.org. Please contact your server administrator.) in /var/www/portal.pinnacleautofinance.com/wp-includes/functions.php on line 6121
[05-May-2025 02:56:34 UTC] PHP Warning:  wp_update_plugins(): An unexpected error occurred. Something may be wrong with WordPress.org or this server&#8217;s configuration. If you continue to have problems, please try the <a href="https://wordpress.org/support/forums/">support forums</a>. (WordPress could not establish a secure connection to WordPress.org. Please contact your server administrator.) in /var/www/portal.pinnacleautofinance.com/wp-includes/functions.php on line 6121
[05-May-2025 03:30:40 UTC] PHP Deprecated:  mb_strtolower(): Passing null to parameter #1 ($string) of type string is deprecated in /var/www/portal.pinnacleautofinance.com/wp-content/plugins/redirect-redirection/includes/irrp-helper.php on line 364
[05-May-2025 03:30:40 UTC] PHP Warning:  wp_update_themes(): An unexpected error occurred. Something may be wrong with WordPress.org or this server&#8217;s configuration. If you continue to have problems, please try the <a href="https://wordpress.org/support/forums/">support forums</a>. (WordPress could not establish a secure connection to WordPress.org. Please contact your server administrator.) in /var/www/portal.pinnacleautofinance.com/wp-includes/functions.php on line 6121
[05-May-2025 03:51:37 UTC] PHP Deprecated:  mb_strtolower(): Passing null to parameter #1 ($string) of type string is deprecated in /var/www/portal.pinnacleautofinance.com/wp-content/plugins/redirect-redirection/includes/irrp-helper.php on line 364
[05-May-2025 04:11:38 UTC] PHP Deprecated:  mb_strtolower(): Passing null to parameter #1 ($string) of type string is deprecated in /var/www/portal.pinnacleautofinance.com/wp-content/plugins/redirect-redirection/includes/irrp-helper.php on line 364
[05-May-2025 07:40:35 UTC] PHP Deprecated:  mb_strtolower(): Passing null to parameter #1 ($string) of type string is deprecated in /var/www/portal.pinnacleautofinance.com/wp-content/plugins/redirect-redirection/includes/irrp-helper.php on line 364
[05-May-2025 07:43:16 UTC] PHP Warning:  Undefined array key "HTTP_HOST" in /var/www/portal.pinnacleautofinance.com/wp-content/plugins/redirect-redirection/includes/irrp-helper.php on line 348
[05-May-2025 07:43:16 UTC] PHP Warning:  Undefined array key "HTTP_HOST" in /var/www/portal.pinnacleautofinance.com/wp-content/plugins/redirect-redirection/includes/irrp-helper.php on line 348
[05-May-2025 07:43:16 UTC] PHP Warning:  Undefined array key "HTTP_HOST" in /var/www/portal.pinnacleautofinance.com/wp-content/plugins/redirect-redirection/includes/irrp-helper.php on line 348
[05-May-2025 07:43:16 UTC] PHP Warning:  Undefined array key "host" in /var/www/portal.pinnacleautofinance.com/wp-includes/canonical.php on line 717
[05-May-2025 07:43:16 UTC] PHP Deprecated:  strtolower(): Passing null to parameter #1 ($string) of type string is deprecated in /var/www/portal.pinnacleautofinance.com/wp-includes/canonical.php on line 717
[05-May-2025 07:43:16 UTC] PHP Warning:  Undefined array key "host" in /var/www/portal.pinnacleautofinance.com/wp-includes/canonical.php on line 728
[05-May-2025 07:43:16 UTC] PHP Warning:  Undefined array key "host" in /var/www/portal.pinnacleautofinance.com/wp-includes/canonical.php on line 731
[05-May-2025 07:43:16 UTC] PHP Warning:  Undefined array key "scheme" in /var/www/portal.pinnacleautofinance.com/wp-includes/canonical.php on line 752
[05-May-2025 07:43:16 UTC] PHP Warning:  Undefined array key "host" in /var/www/portal.pinnacleautofinance.com/wp-includes/canonical.php on line 717
[05-May-2025 07:43:16 UTC] PHP Deprecated:  strtolower(): Passing null to parameter #1 ($string) of type string is deprecated in /var/www/portal.pinnacleautofinance.com/wp-includes/canonical.php on line 717
[05-May-2025 07:43:16 UTC] PHP Warning:  Undefined array key "host" in /var/www/portal.pinnacleautofinance.com/wp-includes/canonical.php on line 728
[05-May-2025 07:43:16 UTC] PHP Warning:  Undefined array key "host" in /var/www/portal.pinnacleautofinance.com/wp-includes/canonical.php on line 731
[05-May-2025 07:43:16 UTC] PHP Warning:  Undefined array key "scheme" in /var/www/portal.pinnacleautofinance.com/wp-includes/canonical.php on line 752
[05-May-2025 08:37:36 UTC] PHP Deprecated:  mb_strtolower(): Passing null to parameter #1 ($string) of type string is deprecated in /var/www/portal.pinnacleautofinance.com/wp-content/plugins/redirect-redirection/includes/irrp-helper.php on line 364
[05-May-2025 10:57:54 UTC] PHP Deprecated:  mb_strtolower(): Passing null to parameter #1 ($string) of type string is deprecated in /var/www/portal.pinnacleautofinance.com/wp-content/plugins/redirect-redirection/includes/irrp-helper.php on line 364
[05-May-2025 11:50:44 UTC] PHP Deprecated:  mb_strtolower(): Passing null to parameter #1 ($string) of type string is deprecated in /var/www/portal.pinnacleautofinance.com/wp-content/plugins/redirect-redirection/includes/irrp-helper.php on line 364
[05-May-2025 14:00:49 UTC] PHP Deprecated:  mb_strtolower(): Passing null to parameter #1 ($string) of type string is deprecated in /var/www/portal.pinnacleautofinance.com/wp-content/plugins/redirect-redirection/includes/irrp-helper.php on line 364
[05-May-2025 18:15:04 UTC] PHP Deprecated:  mb_strtolower(): Passing null to parameter #1 ($string) of type string is deprecated in /var/www/portal.pinnacleautofinance.com/wp-content/plugins/redirect-redirection/includes/irrp-helper.php on line 364
[06-May-2025 00:23:46 UTC] PHP Deprecated:  mb_strtolower(): Passing null to parameter #1 ($string) of type string is deprecated in /var/www/portal.pinnacleautofinance.com/wp-content/plugins/redirect-redirection/includes/irrp-helper.php on line 364
[06-May-2025 01:50:39 UTC] PHP Deprecated:  mb_strtolower(): Passing null to parameter #1 ($string) of type string is deprecated in /var/www/portal.pinnacleautofinance.com/wp-content/plugins/redirect-redirection/includes/irrp-helper.php on line 364
[06-May-2025 01:51:39 UTC] PHP Deprecated:  mb_strtolower(): Passing null to parameter #1 ($string) of type string is deprecated in /var/www/portal.pinnacleautofinance.com/wp-content/plugins/redirect-redirection/includes/irrp-helper.php on line 364
[06-May-2025 02:23:59 UTC] PHP Deprecated:  mb_strtolower(): Passing null to parameter #1 ($string) of type string is deprecated in /var/www/portal.pinnacleautofinance.com/wp-content/plugins/redirect-redirection/includes/irrp-helper.php on line 364
[06-May-2025 07:53:23 UTC] PHP Deprecated:  mb_strtolower(): Passing null to parameter #1 ($string) of type string is deprecated in /var/www/portal.pinnacleautofinance.com/wp-content/plugins/redirect-redirection/includes/irrp-helper.php on line 364
[06-May-2025 08:26:49 UTC] PHP Deprecated:  mb_strtolower(): Passing null to parameter #1 ($string) of type string is deprecated in /var/www/portal.pinnacleautofinance.com/wp-content/plugins/redirect-redirection/includes/irrp-helper.php on line 364
[06-May-2025 09:41:56 UTC] PHP Deprecated:  mb_strtolower(): Passing null to parameter #1 ($string) of type string is deprecated in /var/www/portal.pinnacleautofinance.com/wp-content/plugins/redirect-redirection/includes/irrp-helper.php on line 364
[06-May-2025 12:47:59 UTC] PHP Deprecated:  mb_strtolower(): Passing null to parameter #1 ($string) of type string is deprecated in /var/www/portal.pinnacleautofinance.com/wp-content/plugins/redirect-redirection/includes/irrp-helper.php on line 364
[06-May-2025 15:51:37 UTC] PHP Warning:  Undefined array key "HTTP_HOST" in /var/www/portal.pinnacleautofinance.com/wp-content/plugins/redirect-redirection/includes/irrp-helper.php on line 348
[06-May-2025 15:51:37 UTC] PHP Deprecated:  mb_strtolower(): Passing null to parameter #1 ($string) of type string is deprecated in /var/www/portal.pinnacleautofinance.com/wp-content/plugins/redirect-redirection/includes/irrp-helper.php on line 364
[06-May-2025 16:40:57 UTC] PHP Deprecated:  mb_strtolower(): Passing null to parameter #1 ($string) of type string is deprecated in /var/www/portal.pinnacleautofinance.com/wp-content/plugins/redirect-redirection/includes/irrp-helper.php on line 364
[06-May-2025 17:27:55 UTC] PHP Deprecated:  mb_strtolower(): Passing null to parameter #1 ($string) of type string is deprecated in /var/www/portal.pinnacleautofinance.com/wp-content/plugins/redirect-redirection/includes/irrp-helper.php on line 364
[06-May-2025 17:55:39 UTC] PHP Deprecated:  mb_strtolower(): Passing null to parameter #1 ($string) of type string is deprecated in /var/www/portal.pinnacleautofinance.com/wp-content/plugins/redirect-redirection/includes/irrp-helper.php on line 364
[06-May-2025 21:06:44 UTC] PHP Deprecated:  mb_strtolower(): Passing null to parameter #1 ($string) of type string is deprecated in /var/www/portal.pinnacleautofinance.com/wp-content/plugins/redirect-redirection/includes/irrp-helper.php on line 364
[06-May-2025 22:35:16 UTC] PHP Deprecated:  mb_strtolower(): Passing null to parameter #1 ($string) of type string is deprecated in /var/www/portal.pinnacleautofinance.com/wp-content/plugins/redirect-redirection/includes/irrp-helper.php on line 364
[07-May-2025 01:01:24 UTC] PHP Deprecated:  mb_strtolower(): Passing null to parameter #1 ($string) of type string is deprecated in /var/www/portal.pinnacleautofinance.com/wp-content/plugins/redirect-redirection/includes/irrp-helper.php on line 364
[07-May-2025 01:38:18 UTC] PHP Deprecated:  mb_strtolower(): Passing null to parameter #1 ($string) of type string is deprecated in /var/www/portal.pinnacleautofinance.com/wp-content/plugins/redirect-redirection/includes/irrp-helper.php on line 364
[07-May-2025 02:15:13 UTC] PHP Deprecated:  mb_strtolower(): Passing null to parameter #1 ($string) of type string is deprecated in /var/www/portal.pinnacleautofinance.com/wp-content/plugins/redirect-redirection/includes/irrp-helper.php on line 364
[07-May-2025 02:29:51 UTC] PHP Deprecated:  mb_strtolower(): Passing null to parameter #1 ($string) of type string is deprecated in /var/www/portal.pinnacleautofinance.com/wp-content/plugins/redirect-redirection/includes/irrp-helper.php on line 364
[07-May-2025 02:36:55 UTC] PHP Deprecated:  mb_strtolower(): Passing null to parameter #1 ($string) of type string is deprecated in /var/www/portal.pinnacleautofinance.com/wp-content/plugins/redirect-redirection/includes/irrp-helper.php on line 364
[07-May-2025 03:16:56 UTC] PHP Deprecated:  mb_strtolower(): Passing null to parameter #1 ($string) of type string is deprecated in /var/www/portal.pinnacleautofinance.com/wp-content/plugins/redirect-redirection/includes/irrp-helper.php on line 364
[07-May-2025 05:36:38 UTC] PHP Deprecated:  mb_strtolower(): Passing null to parameter #1 ($string) of type string is deprecated in /var/www/portal.pinnacleautofinance.com/wp-content/plugins/redirect-redirection/includes/irrp-helper.php on line 364
[07-May-2025 05:36:38 UTC] PHP Deprecated:  mb_strtolower(): Passing null to parameter #1 ($string) of type string is deprecated in /var/www/portal.pinnacleautofinance.com/wp-content/plugins/redirect-redirection/includes/irrp-helper.php on line 364
[07-May-2025 09:15:59 UTC] PHP Deprecated:  mb_strtolower(): Passing null to parameter #1 ($string) of type string is deprecated in /var/www/portal.pinnacleautofinance.com/wp-content/plugins/redirect-redirection/includes/irrp-helper.php on line 364
[07-May-2025 12:12:02 UTC] PHP Deprecated:  mb_strtolower(): Passing null to parameter #1 ($string) of type string is deprecated in /var/www/portal.pinnacleautofinance.com/wp-content/plugins/redirect-redirection/includes/irrp-helper.php on line 364
[07-May-2025 13:41:53 UTC] PHP Deprecated:  mb_strtolower(): Passing null to parameter #1 ($string) of type string is deprecated in /var/www/portal.pinnacleautofinance.com/wp-content/plugins/redirect-redirection/includes/irrp-helper.php on line 364
[07-May-2025 13:59:58 UTC] PHP Deprecated:  mb_strtolower(): Passing null to parameter #1 ($string) of type string is deprecated in /var/www/portal.pinnacleautofinance.com/wp-content/plugins/redirect-redirection/includes/irrp-helper.php on line 364
[07-May-2025 16:44:55 UTC] PHP Deprecated:  mb_strtolower(): Passing null to parameter #1 ($string) of type string is deprecated in /var/www/portal.pinnacleautofinance.com/wp-content/plugins/redirect-redirection/includes/irrp-helper.php on line 364
[07-May-2025 18:36:06 UTC] PHP Deprecated:  mb_strtolower(): Passing null to parameter #1 ($string) of type string is deprecated in /var/www/portal.pinnacleautofinance.com/wp-content/plugins/redirect-redirection/includes/irrp-helper.php on line 364
[07-May-2025 20:52:56 UTC] PHP Deprecated:  mb_strtolower(): Passing null to parameter #1 ($string) of type string is deprecated in /var/www/portal.pinnacleautofinance.com/wp-content/plugins/redirect-redirection/includes/irrp-helper.php on line 364
[07-May-2025 21:06:31 UTC] PHP Deprecated:  mb_strtolower(): Passing null to parameter #1 ($string) of type string is deprecated in /var/www/portal.pinnacleautofinance.com/wp-content/plugins/redirect-redirection/includes/irrp-helper.php on line 364
[07-May-2025 21:29:05 UTC] PHP Deprecated:  mb_strtolower(): Passing null to parameter #1 ($string) of type string is deprecated in /var/www/portal.pinnacleautofinance.com/wp-content/plugins/redirect-redirection/includes/irrp-helper.php on line 364
[07-May-2025 23:33:12 UTC] PHP Deprecated:  mb_strtolower(): Passing null to parameter #1 ($string) of type string is deprecated in /var/www/portal.pinnacleautofinance.com/wp-content/plugins/redirect-redirection/includes/irrp-helper.php on line 364
[08-May-2025 01:49:57 UTC] PHP Deprecated:  mb_strtolower(): Passing null to parameter #1 ($string) of type string is deprecated in /var/www/portal.pinnacleautofinance.com/wp-content/plugins/redirect-redirection/includes/irrp-helper.php on line 364
[08-May-2025 04:39:55 UTC] PHP Warning:  Undefined array key "HTTP_HOST" in /var/www/portal.pinnacleautofinance.com/wp-content/plugins/redirect-redirection/includes/irrp-helper.php on line 348
[08-May-2025 04:39:55 UTC] PHP Deprecated:  mb_strtolower(): Passing null to parameter #1 ($string) of type string is deprecated in /var/www/portal.pinnacleautofinance.com/wp-content/plugins/redirect-redirection/includes/irrp-helper.php on line 364
[08-May-2025 04:40:08 UTC] PHP Warning:  Undefined array key "HTTP_HOST" in /var/www/portal.pinnacleautofinance.com/wp-content/plugins/redirect-redirection/includes/irrp-helper.php on line 348
[08-May-2025 04:40:08 UTC] PHP Deprecated:  mb_strtolower(): Passing null to parameter #1 ($string) of type string is deprecated in /var/www/portal.pinnacleautofinance.com/wp-content/plugins/redirect-redirection/includes/irrp-helper.php on line 364
[08-May-2025 04:40:08 UTC] PHP Deprecated:  mb_strtolower(): Passing null to parameter #1 ($string) of type string is deprecated in /var/www/portal.pinnacleautofinance.com/wp-content/plugins/redirect-redirection/includes/irrp-helper.php on line 364
[08-May-2025 04:40:09 UTC] PHP Deprecated:  mb_strtolower(): Passing null to parameter #1 ($string) of type string is deprecated in /var/www/portal.pinnacleautofinance.com/wp-content/plugins/redirect-redirection/includes/irrp-helper.php on line 364
[08-May-2025 04:40:09 UTC] PHP Deprecated:  mb_strtolower(): Passing null to parameter #1 ($string) of type string is deprecated in /var/www/portal.pinnacleautofinance.com/wp-content/plugins/redirect-redirection/includes/irrp-helper.php on line 364
[08-May-2025 04:40:09 UTC] PHP Deprecated:  mb_strtolower(): Passing null to parameter #1 ($string) of type string is deprecated in /var/www/portal.pinnacleautofinance.com/wp-content/plugins/redirect-redirection/includes/irrp-helper.php on line 364
[08-May-2025 04:55:30 UTC] PHP Deprecated:  mb_strtolower(): Passing null to parameter #1 ($string) of type string is deprecated in /var/www/portal.pinnacleautofinance.com/wp-content/plugins/redirect-redirection/includes/irrp-helper.php on line 364
[08-May-2025 05:46:22 UTC] PHP Deprecated:  mb_strtolower(): Passing null to parameter #1 ($string) of type string is deprecated in /var/www/portal.pinnacleautofinance.com/wp-content/plugins/redirect-redirection/includes/irrp-helper.php on line 364
[08-May-2025 06:21:07 UTC] PHP Deprecated:  mb_strtolower(): Passing null to parameter #1 ($string) of type string is deprecated in /var/www/portal.pinnacleautofinance.com/wp-content/plugins/redirect-redirection/includes/irrp-helper.php on line 364
[08-May-2025 07:59:27 UTC] PHP Deprecated:  mb_strtolower(): Passing null to parameter #1 ($string) of type string is deprecated in /var/www/portal.pinnacleautofinance.com/wp-content/plugins/redirect-redirection/includes/irrp-helper.php on line 364
[08-May-2025 08:16:02 UTC] PHP Warning:  Undefined array key "HTTP_HOST" in /var/www/portal.pinnacleautofinance.com/wp-content/plugins/redirect-redirection/includes/irrp-helper.php on line 348
[08-May-2025 08:16:02 UTC] PHP Warning:  Undefined array key "HTTP_HOST" in /var/www/portal.pinnacleautofinance.com/wp-content/plugins/redirect-redirection/includes/irrp-helper.php on line 348
[08-May-2025 08:16:02 UTC] PHP Warning:  Undefined array key "HTTP_HOST" in /var/www/portal.pinnacleautofinance.com/wp-content/plugins/redirect-redirection/includes/irrp-helper.php on line 348
[08-May-2025 08:16:02 UTC] PHP Warning:  Undefined array key "host" in /var/www/portal.pinnacleautofinance.com/wp-includes/canonical.php on line 717
[08-May-2025 08:16:02 UTC] PHP Deprecated:  strtolower(): Passing null to parameter #1 ($string) of type string is deprecated in /var/www/portal.pinnacleautofinance.com/wp-includes/canonical.php on line 717
[08-May-2025 08:16:02 UTC] PHP Warning:  Undefined array key "host" in /var/www/portal.pinnacleautofinance.com/wp-includes/canonical.php on line 728
[08-May-2025 08:16:02 UTC] PHP Warning:  Undefined array key "host" in /var/www/portal.pinnacleautofinance.com/wp-includes/canonical.php on line 731
[08-May-2025 08:16:02 UTC] PHP Warning:  Undefined array key "scheme" in /var/www/portal.pinnacleautofinance.com/wp-includes/canonical.php on line 752
[08-May-2025 08:16:02 UTC] PHP Warning:  Undefined array key "host" in /var/www/portal.pinnacleautofinance.com/wp-includes/canonical.php on line 717
[08-May-2025 08:16:02 UTC] PHP Deprecated:  strtolower(): Passing null to parameter #1 ($string) of type string is deprecated in /var/www/portal.pinnacleautofinance.com/wp-includes/canonical.php on line 717
[08-May-2025 08:16:02 UTC] PHP Warning:  Undefined array key "host" in /var/www/portal.pinnacleautofinance.com/wp-includes/canonical.php on line 728
[08-May-2025 08:16:02 UTC] PHP Warning:  Undefined array key "host" in /var/www/portal.pinnacleautofinance.com/wp-includes/canonical.php on line 731
[08-May-2025 08:16:02 UTC] PHP Warning:  Undefined array key "scheme" in /var/www/portal.pinnacleautofinance.com/wp-includes/canonical.php on line 752
[08-May-2025 09:50:18 UTC] PHP Deprecated:  mb_strtolower(): Passing null to parameter #1 ($string) of type string is deprecated in /var/www/portal.pinnacleautofinance.com/wp-content/plugins/redirect-redirection/includes/irrp-helper.php on line 364
[08-May-2025 09:50:23 UTC] PHP Deprecated:  mb_strtolower(): Passing null to parameter #1 ($string) of type string is deprecated in /var/www/portal.pinnacleautofinance.com/wp-content/plugins/redirect-redirection/includes/irrp-helper.php on line 364
[08-May-2025 09:58:26 UTC] PHP Deprecated:  mb_strtolower(): Passing null to parameter #1 ($string) of type string is deprecated in /var/www/portal.pinnacleautofinance.com/wp-content/plugins/redirect-redirection/includes/irrp-helper.php on line 364
[08-May-2025 09:58:26 UTC] PHP Deprecated:  mb_strtolower(): Passing null to parameter #1 ($string) of type string is deprecated in /var/www/portal.pinnacleautofinance.com/wp-content/plugins/redirect-redirection/includes/irrp-helper.php on line 364
[08-May-2025 10:46:04 UTC] PHP Deprecated:  mb_strtolower(): Passing null to parameter #1 ($string) of type string is deprecated in /var/www/portal.pinnacleautofinance.com/wp-content/plugins/redirect-redirection/includes/irrp-helper.php on line 364
[08-May-2025 10:59:19 UTC] PHP Deprecated:  mb_strtolower(): Passing null to parameter #1 ($string) of type string is deprecated in /var/www/portal.pinnacleautofinance.com/wp-content/plugins/redirect-redirection/includes/irrp-helper.php on line 364
[08-May-2025 10:59:19 UTC] PHP Deprecated:  mb_strtolower(): Passing null to parameter #1 ($string) of type string is deprecated in /var/www/portal.pinnacleautofinance.com/wp-content/plugins/redirect-redirection/includes/irrp-helper.php on line 364
[08-May-2025 12:03:56 UTC] PHP Deprecated:  mb_strtolower(): Passing null to parameter #1 ($string) of type string is deprecated in /var/www/portal.pinnacleautofinance.com/wp-content/plugins/redirect-redirection/includes/irrp-helper.php on line 364
[08-May-2025 13:19:32 UTC] PHP Deprecated:  mb_strtolower(): Passing null to parameter #1 ($string) of type string is deprecated in /var/www/portal.pinnacleautofinance.com/wp-content/plugins/redirect-redirection/includes/irrp-helper.php on line 364
[08-May-2025 13:42:12 UTC] PHP Deprecated:  mb_strtolower(): Passing null to parameter #1 ($string) of type string is deprecated in /var/www/portal.pinnacleautofinance.com/wp-content/plugins/redirect-redirection/includes/irrp-helper.php on line 364
[08-May-2025 13:42:13 UTC] PHP Deprecated:  mb_strtolower(): Passing null to parameter #1 ($string) of type string is deprecated in /var/www/portal.pinnacleautofinance.com/wp-content/plugins/redirect-redirection/includes/irrp-helper.php on line 364
[08-May-2025 13:42:13 UTC] PHP Deprecated:  mb_strtolower(): Passing null to parameter #1 ($string) of type string is deprecated in /var/www/portal.pinnacleautofinance.com/wp-content/plugins/redirect-redirection/includes/irrp-helper.php on line 364
[08-May-2025 13:42:13 UTC] PHP Deprecated:  mb_strtolower(): Passing null to parameter #1 ($string) of type string is deprecated in /var/www/portal.pinnacleautofinance.com/wp-content/plugins/redirect-redirection/includes/irrp-helper.php on line 364
[08-May-2025 14:17:05 UTC] PHP Deprecated:  mb_strtolower(): Passing null to parameter #1 ($string) of type string is deprecated in /var/www/portal.pinnacleautofinance.com/wp-content/plugins/redirect-redirection/includes/irrp-helper.php on line 364
[08-May-2025 18:54:40 UTC] PHP Deprecated:  mb_strtolower(): Passing null to parameter #1 ($string) of type string is deprecated in /var/www/portal.pinnacleautofinance.com/wp-content/plugins/redirect-redirection/includes/irrp-helper.php on line 364
[08-May-2025 18:54:56 UTC] PHP Deprecated:  mb_strtolower(): Passing null to parameter #1 ($string) of type string is deprecated in /var/www/portal.pinnacleautofinance.com/wp-content/plugins/redirect-redirection/includes/irrp-helper.php on line 364
[08-May-2025 20:34:37 UTC] PHP Deprecated:  mb_strtolower(): Passing null to parameter #1 ($string) of type string is deprecated in /var/www/portal.pinnacleautofinance.com/wp-content/plugins/redirect-redirection/includes/irrp-helper.php on line 364
[08-May-2025 21:43:56 UTC] PHP Deprecated:  mb_strtolower(): Passing null to parameter #1 ($string) of type string is deprecated in /var/www/portal.pinnacleautofinance.com/wp-content/plugins/redirect-redirection/includes/irrp-helper.php on line 364
[08-May-2025 22:12:10 UTC] PHP Deprecated:  mb_strtolower(): Passing null to parameter #1 ($string) of type string is deprecated in /var/www/portal.pinnacleautofinance.com/wp-content/plugins/redirect-redirection/includes/irrp-helper.php on line 364
[09-May-2025 00:43:28 UTC] PHP Deprecated:  mb_strtolower(): Passing null to parameter #1 ($string) of type string is deprecated in /var/www/portal.pinnacleautofinance.com/wp-content/plugins/redirect-redirection/includes/irrp-helper.php on line 364
[09-May-2025 01:42:38 UTC] PHP Deprecated:  mb_strtolower(): Passing null to parameter #1 ($string) of type string is deprecated in /var/www/portal.pinnacleautofinance.com/wp-content/plugins/redirect-redirection/includes/irrp-helper.php on line 364
[09-May-2025 01:52:00 UTC] PHP Deprecated:  mb_strtolower(): Passing null to parameter #1 ($string) of type string is deprecated in /var/www/portal.pinnacleautofinance.com/wp-content/plugins/redirect-redirection/includes/irrp-helper.php on line 364
[09-May-2025 02:23:29 UTC] PHP Deprecated:  mb_strtolower(): Passing null to parameter #1 ($string) of type string is deprecated in /var/www/portal.pinnacleautofinance.com/wp-content/plugins/redirect-redirection/includes/irrp-helper.php on line 364
[09-May-2025 04:23:19 UTC] PHP Deprecated:  mb_strtolower(): Passing null to parameter #1 ($string) of type string is deprecated in /var/www/portal.pinnacleautofinance.com/wp-content/plugins/redirect-redirection/includes/irrp-helper.php on line 364
[09-May-2025 04:26:58 UTC] PHP Warning:  Undefined array key "HTTP_HOST" in /var/www/portal.pinnacleautofinance.com/wp-content/plugins/redirect-redirection/includes/irrp-helper.php on line 348
[09-May-2025 04:26:58 UTC] PHP Warning:  Undefined array key "HTTP_HOST" in /var/www/portal.pinnacleautofinance.com/wp-content/plugins/redirect-redirection/includes/irrp-helper.php on line 348
[09-May-2025 04:26:58 UTC] PHP Warning:  Undefined array key "HTTP_HOST" in /var/www/portal.pinnacleautofinance.com/wp-content/plugins/redirect-redirection/includes/irrp-helper.php on line 348
[09-May-2025 04:26:58 UTC] PHP Warning:  Undefined array key "host" in /var/www/portal.pinnacleautofinance.com/wp-includes/canonical.php on line 717
[09-May-2025 04:26:58 UTC] PHP Deprecated:  strtolower(): Passing null to parameter #1 ($string) of type string is deprecated in /var/www/portal.pinnacleautofinance.com/wp-includes/canonical.php on line 717
[09-May-2025 04:26:58 UTC] PHP Warning:  Undefined array key "host" in /var/www/portal.pinnacleautofinance.com/wp-includes/canonical.php on line 728
[09-May-2025 04:26:58 UTC] PHP Warning:  Undefined array key "host" in /var/www/portal.pinnacleautofinance.com/wp-includes/canonical.php on line 731
[09-May-2025 04:26:58 UTC] PHP Warning:  Undefined array key "scheme" in /var/www/portal.pinnacleautofinance.com/wp-includes/canonical.php on line 752
[09-May-2025 04:26:58 UTC] PHP Warning:  Undefined array key "host" in /var/www/portal.pinnacleautofinance.com/wp-includes/canonical.php on line 717
[09-May-2025 04:26:58 UTC] PHP Deprecated:  strtolower(): Passing null to parameter #1 ($string) of type string is deprecated in /var/www/portal.pinnacleautofinance.com/wp-includes/canonical.php on line 717
[09-May-2025 04:26:58 UTC] PHP Warning:  Undefined array key "host" in /var/www/portal.pinnacleautofinance.com/wp-includes/canonical.php on line 728
[09-May-2025 04:26:58 UTC] PHP Warning:  Undefined array key "host" in /var/www/portal.pinnacleautofinance.com/wp-includes/canonical.php on line 731
[09-May-2025 04:26:58 UTC] PHP Warning:  Undefined array key "scheme" in /var/www/portal.pinnacleautofinance.com/wp-includes/canonical.php on line 752
[09-May-2025 06:11:14 UTC] PHP Deprecated:  mb_strtolower(): Passing null to parameter #1 ($string) of type string is deprecated in /var/www/portal.pinnacleautofinance.com/wp-content/plugins/redirect-redirection/includes/irrp-helper.php on line 364
[09-May-2025 06:58:32 UTC] PHP Deprecated:  mb_strtolower(): Passing null to parameter #1 ($string) of type string is deprecated in /var/www/portal.pinnacleautofinance.com/wp-content/plugins/redirect-redirection/includes/irrp-helper.php on line 364
[09-May-2025 07:18:13 UTC] PHP Deprecated:  mb_strtolower(): Passing null to parameter #1 ($string) of type string is deprecated in /var/www/portal.pinnacleautofinance.com/wp-content/plugins/redirect-redirection/includes/irrp-helper.php on line 364
[09-May-2025 09:59:14 UTC] PHP Deprecated:  mb_strtolower(): Passing null to parameter #1 ($string) of type string is deprecated in /var/www/portal.pinnacleautofinance.com/wp-content/plugins/redirect-redirection/includes/irrp-helper.php on line 364
[09-May-2025 10:54:50 UTC] PHP Deprecated:  mb_strtolower(): Passing null to parameter #1 ($string) of type string is deprecated in /var/www/portal.pinnacleautofinance.com/wp-content/plugins/redirect-redirection/includes/irrp-helper.php on line 364
[09-May-2025 11:09:22 UTC] PHP Deprecated:  mb_strtolower(): Passing null to parameter #1 ($string) of type string is deprecated in /var/www/portal.pinnacleautofinance.com/wp-content/plugins/redirect-redirection/includes/irrp-helper.php on line 364
[09-May-2025 11:23:25 UTC] PHP Deprecated:  mb_strtolower(): Passing null to parameter #1 ($string) of type string is deprecated in /var/www/portal.pinnacleautofinance.com/wp-content/plugins/redirect-redirection/includes/irrp-helper.php on line 364
[09-May-2025 15:12:46 UTC] PHP Deprecated:  mb_strtolower(): Passing null to parameter #1 ($string) of type string is deprecated in /var/www/portal.pinnacleautofinance.com/wp-content/plugins/redirect-redirection/includes/irrp-helper.php on line 364
[09-May-2025 16:15:34 UTC] PHP Warning:  Undefined array key "HTTP_HOST" in /var/www/portal.pinnacleautofinance.com/wp-content/plugins/redirect-redirection/includes/irrp-helper.php on line 348
[09-May-2025 16:15:34 UTC] PHP Warning:  Undefined array key "HTTP_HOST" in /var/www/portal.pinnacleautofinance.com/wp-content/plugins/redirect-redirection/includes/irrp-helper.php on line 348
[09-May-2025 16:15:34 UTC] PHP Warning:  Undefined array key "HTTP_HOST" in /var/www/portal.pinnacleautofinance.com/wp-content/plugins/redirect-redirection/includes/irrp-helper.php on line 348
[09-May-2025 16:15:34 UTC] PHP Warning:  Undefined array key "host" in /var/www/portal.pinnacleautofinance.com/wp-includes/canonical.php on line 717
[09-May-2025 16:15:34 UTC] PHP Deprecated:  strtolower(): Passing null to parameter #1 ($string) of type string is deprecated in /var/www/portal.pinnacleautofinance.com/wp-includes/canonical.php on line 717
[09-May-2025 16:15:34 UTC] PHP Warning:  Undefined array key "host" in /var/www/portal.pinnacleautofinance.com/wp-includes/canonical.php on line 728
[09-May-2025 16:15:34 UTC] PHP Warning:  Undefined array key "host" in /var/www/portal.pinnacleautofinance.com/wp-includes/canonical.php on line 731
[09-May-2025 16:15:34 UTC] PHP Warning:  Undefined array key "scheme" in /var/www/portal.pinnacleautofinance.com/wp-includes/canonical.php on line 752
[09-May-2025 16:15:34 UTC] PHP Warning:  Undefined array key "host" in /var/www/portal.pinnacleautofinance.com/wp-includes/canonical.php on line 717
[09-May-2025 16:15:34 UTC] PHP Deprecated:  strtolower(): Passing null to parameter #1 ($string) of type string is deprecated in /var/www/portal.pinnacleautofinance.com/wp-includes/canonical.php on line 717
[09-May-2025 16:15:34 UTC] PHP Warning:  Undefined array key "host" in /var/www/portal.pinnacleautofinance.com/wp-includes/canonical.php on line 728
[09-May-2025 16:15:34 UTC] PHP Warning:  Undefined array key "host" in /var/www/portal.pinnacleautofinance.com/wp-includes/canonical.php on line 731
[09-May-2025 16:15:34 UTC] PHP Warning:  Undefined array key "scheme" in /var/www/portal.pinnacleautofinance.com/wp-includes/canonical.php on line 752
[09-May-2025 16:15:41 UTC] PHP Deprecated:  mb_strtolower(): Passing null to parameter #1 ($string) of type string is deprecated in /var/www/portal.pinnacleautofinance.com/wp-content/plugins/redirect-redirection/includes/irrp-helper.php on line 364
[09-May-2025 18:45:45 UTC] PHP Deprecated:  mb_strtolower(): Passing null to parameter #1 ($string) of type string is deprecated in /var/www/portal.pinnacleautofinance.com/wp-content/plugins/redirect-redirection/includes/irrp-helper.php on line 364
[09-May-2025 18:45:46 UTC] PHP Deprecated:  mb_strtolower(): Passing null to parameter #1 ($string) of type string is deprecated in /var/www/portal.pinnacleautofinance.com/wp-content/plugins/redirect-redirection/includes/irrp-helper.php on line 364
[09-May-2025 21:35:34 UTC] PHP Deprecated:  mb_strtolower(): Passing null to parameter #1 ($string) of type string is deprecated in /var/www/portal.pinnacleautofinance.com/wp-content/plugins/redirect-redirection/includes/irrp-helper.php on line 364
[09-May-2025 23:50:45 UTC] PHP Deprecated:  mb_strtolower(): Passing null to parameter #1 ($string) of type string is deprecated in /var/www/portal.pinnacleautofinance.com/wp-content/plugins/redirect-redirection/includes/irrp-helper.php on line 364
[10-May-2025 00:12:26 UTC] PHP Deprecated:  mb_strtolower(): Passing null to parameter #1 ($string) of type string is deprecated in /var/www/portal.pinnacleautofinance.com/wp-content/plugins/redirect-redirection/includes/irrp-helper.php on line 364
[10-May-2025 00:28:23 UTC] PHP Deprecated:  mb_strtolower(): Passing null to parameter #1 ($string) of type string is deprecated in /var/www/portal.pinnacleautofinance.com/wp-content/plugins/redirect-redirection/includes/irrp-helper.php on line 364
[10-May-2025 00:43:21 UTC] PHP Deprecated:  mb_strtolower(): Passing null to parameter #1 ($string) of type string is deprecated in /var/www/portal.pinnacleautofinance.com/wp-content/plugins/redirect-redirection/includes/irrp-helper.php on line 364
[10-May-2025 01:54:43 UTC] PHP Deprecated:  mb_strtolower(): Passing null to parameter #1 ($string) of type string is deprecated in /var/www/portal.pinnacleautofinance.com/wp-content/plugins/redirect-redirection/includes/irrp-helper.php on line 364
[10-May-2025 03:23:01 UTC] PHP Deprecated:  mb_strtolower(): Passing null to parameter #1 ($string) of type string is deprecated in /var/www/portal.pinnacleautofinance.com/wp-content/plugins/redirect-redirection/includes/irrp-helper.php on line 364
[10-May-2025 04:00:20 UTC] PHP Deprecated:  mb_strtolower(): Passing null to parameter #1 ($string) of type string is deprecated in /var/www/portal.pinnacleautofinance.com/wp-content/plugins/redirect-redirection/includes/irrp-helper.php on line 364
[10-May-2025 04:50:36 UTC] PHP Deprecated:  mb_strtolower(): Passing null to parameter #1 ($string) of type string is deprecated in /var/www/portal.pinnacleautofinance.com/wp-content/plugins/redirect-redirection/includes/irrp-helper.php on line 364
[10-May-2025 06:58:52 UTC] PHP Deprecated:  mb_strtolower(): Passing null to parameter #1 ($string) of type string is deprecated in /var/www/portal.pinnacleautofinance.com/wp-content/plugins/redirect-redirection/includes/irrp-helper.php on line 364
[10-May-2025 08:45:15 UTC] PHP Deprecated:  mb_strtolower(): Passing null to parameter #1 ($string) of type string is deprecated in /var/www/portal.pinnacleautofinance.com/wp-content/plugins/redirect-redirection/includes/irrp-helper.php on line 364
[10-May-2025 10:02:16 UTC] PHP Deprecated:  mb_strtolower(): Passing null to parameter #1 ($string) of type string is deprecated in /var/www/portal.pinnacleautofinance.com/wp-content/plugins/redirect-redirection/includes/irrp-helper.php on line 364
[10-May-2025 13:47:23 UTC] PHP Deprecated:  mb_strtolower(): Passing null to parameter #1 ($string) of type string is deprecated in /var/www/portal.pinnacleautofinance.com/wp-content/plugins/redirect-redirection/includes/irrp-helper.php on line 364
[10-May-2025 14:06:32 UTC] PHP Deprecated:  mb_strtolower(): Passing null to parameter #1 ($string) of type string is deprecated in /var/www/portal.pinnacleautofinance.com/wp-content/plugins/redirect-redirection/includes/irrp-helper.php on line 364
[10-May-2025 19:28:35 UTC] PHP Deprecated:  mb_strtolower(): Passing null to parameter #1 ($string) of type string is deprecated in /var/www/portal.pinnacleautofinance.com/wp-content/plugins/redirect-redirection/includes/irrp-helper.php on line 364
[10-May-2025 23:18:26 UTC] PHP Deprecated:  mb_strtolower(): Passing null to parameter #1 ($string) of type string is deprecated in /var/www/portal.pinnacleautofinance.com/wp-content/plugins/redirect-redirection/includes/irrp-helper.php on line 364
[11-May-2025 01:13:43 UTC] PHP Deprecated:  mb_strtolower(): Passing null to parameter #1 ($string) of type string is deprecated in /var/www/portal.pinnacleautofinance.com/wp-content/plugins/redirect-redirection/includes/irrp-helper.php on line 364
[11-May-2025 01:38:55 UTC] PHP Deprecated:  mb_strtolower(): Passing null to parameter #1 ($string) of type string is deprecated in /var/www/portal.pinnacleautofinance.com/wp-content/plugins/redirect-redirection/includes/irrp-helper.php on line 364
[11-May-2025 01:43:19 UTC] PHP Deprecated:  mb_strtolower(): Passing null to parameter #1 ($string) of type string is deprecated in /var/www/portal.pinnacleautofinance.com/wp-content/plugins/redirect-redirection/includes/irrp-helper.php on line 364
[11-May-2025 01:43:19 UTC] PHP Deprecated:  mb_strtolower(): Passing null to parameter #1 ($string) of type string is deprecated in /var/www/portal.pinnacleautofinance.com/wp-content/plugins/redirect-redirection/includes/irrp-helper.php on line 364
[11-May-2025 01:43:19 UTC] PHP Deprecated:  mb_strtolower(): Passing null to parameter #1 ($string) of type string is deprecated in /var/www/portal.pinnacleautofinance.com/wp-content/plugins/redirect-redirection/includes/irrp-helper.php on line 364
[07-Jun-2025 01:27:39 UTC] PAF DEBUG: Force creating dealer CPT for user ID: 21
[07-Jun-2025 01:27:39 UTC] PAF DEBUG UM HOOK: paf_create_dealer_cpt_on_um_approval called for user ID: 21
[07-Jun-2025 01:27:39 UTC] PAF DEBUG UM HOOK: User roles on hook: dealer
[07-Jun-2025 01:27:39 UTC] PAF DEBUG UM HOOK: Fetched dealer_legal_name from user meta for 21: EMPTY
[07-Jun-2025 01:27:39 UTC] PAF DEBUG UM HOOK: Successfully created paf_dealer CPT. Post ID: 242 for User ID: 21
[07-Jun-2025 01:27:39 UTC] PAF META DEBUG: Post ID 242 - Associated user changed to: 21
[07-Jun-2025 01:27:39 UTC] PAF DEBUG UM HOOK: Generated unique dealer ID: PAD_6843958b428198.65491238
[07-Jun-2025 01:27:39 UTC] PAF META DEBUG: Post ID 242 - Status changed to: pending_approval
[07-Jun-2025 01:27:39 UTC] PAF DEBUG UM HOOK: User meta 'dealer_legal_name' is empty, not copying to post meta
[07-Jun-2025 01:27:39 UTC] PAF DEBUG UM HOOK: User meta 'dealer_federal_tax_id' is empty, not copying to post meta
[07-Jun-2025 01:27:39 UTC] PAF DEBUG UM HOOK: User meta 'dealer_owner_full_name' is empty, not copying to post meta
[07-Jun-2025 01:27:39 UTC] PAF DEBUG UM HOOK: User meta 'dealer_phone' is empty, not copying to post meta
[07-Jun-2025 01:27:39 UTC] PAF DEBUG UM HOOK: User meta 'dealer_fax' is empty, not copying to post meta
[07-Jun-2025 01:27:39 UTC] PAF DEBUG UM HOOK: User meta 'dealer_license_num' is empty, not copying to post meta
[07-Jun-2025 01:27:39 UTC] PAF DEBUG UM HOOK: User meta 'dealer_address' is empty, not copying to post meta
[07-Jun-2025 01:27:39 UTC] PAF DEBUG UM HOOK: User meta 'dealer_city' is empty, not copying to post meta
[07-Jun-2025 01:27:39 UTC] PAF DEBUG UM HOOK: User meta 'dealer_state' is empty, not copying to post meta
[07-Jun-2025 01:27:39 UTC] PAF DEBUG UM HOOK: User meta 'dealer_zip' is empty, not copying to post meta
[07-Jun-2025 01:27:39 UTC] PAF DEBUG UM HOOK: User meta 'dealer_contact_for_approval' is empty, not copying to post meta
[07-Jun-2025 01:27:39 UTC] PAF DEBUG UM HOOK: User meta 'dealer_contact_cell_phone' is empty, not copying to post meta
[07-Jun-2025 01:27:39 UTC] PAF DEBUG UM HOOK: User meta 'dealer_email_for_approvals' is empty, not copying to post meta
[07-Jun-2025 01:27:39 UTC] PAF DEBUG UM HOOK: Completed dealer CPT creation process for user ID: 21
[07-Jun-2025 01:27:39 UTC] PAF DEBUG: Failed to force-create dealer CPT for user ID: 21
[10-Jun-2025 00:49:32 UTC] PAF UM FIELDS: Adding dealer fields to profile form ID: 62
[10-Jun-2025 00:49:32 UTC] PAF UM FIELDS: Added field 'dealer_legal_name' to form 62
[10-Jun-2025 00:49:32 UTC] PAF UM FIELDS: Added field 'dealer_federal_tax_id' to form 62
[10-Jun-2025 00:49:32 UTC] PAF UM FIELDS: Added field 'dealer_owner_full_name' to form 62
[10-Jun-2025 00:49:32 UTC] PAF UM FIELDS: Added field 'dealer_phone' to form 62
[10-Jun-2025 00:49:32 UTC] PAF UM FIELDS: Added field 'dealer_fax' to form 62
[10-Jun-2025 00:49:32 UTC] PAF UM FIELDS: Added field 'dealer_license_num' to form 62
[10-Jun-2025 00:49:32 UTC] PAF UM FIELDS: Added field 'dealer_address' to form 62
[10-Jun-2025 00:49:32 UTC] PAF UM FIELDS: Added field 'dealer_city' to form 62
[10-Jun-2025 00:49:32 UTC] PAF UM FIELDS: Added field 'dealer_state' to form 62
[10-Jun-2025 00:49:32 UTC] PAF UM FIELDS: Added field 'dealer_zip' to form 62
[10-Jun-2025 00:49:32 UTC] PAF UM FIELDS: Added field 'dealer_contact_for_approval' to form 62
[10-Jun-2025 00:49:32 UTC] PAF UM FIELDS: Added field 'dealer_contact_cell_phone' to form 62
[10-Jun-2025 00:49:32 UTC] PAF UM FIELDS: Added field 'dealer_email_for_approvals' to form 62
[10-Jun-2025 00:49:32 UTC] PAF UM FIELDS: Adding dealer fields to profile form ID: 19
[10-Jun-2025 00:49:32 UTC] PAF UM FIELDS: Added field 'dealer_legal_name' to form 19
[10-Jun-2025 00:49:32 UTC] PAF UM FIELDS: Added field 'dealer_federal_tax_id' to form 19
[10-Jun-2025 00:49:32 UTC] PAF UM FIELDS: Added field 'dealer_owner_full_name' to form 19
[10-Jun-2025 00:49:32 UTC] PAF UM FIELDS: Added field 'dealer_phone' to form 19
[10-Jun-2025 00:49:32 UTC] PAF UM FIELDS: Added field 'dealer_fax' to form 19
[10-Jun-2025 00:49:32 UTC] PAF UM FIELDS: Added field 'dealer_license_num' to form 19
[10-Jun-2025 00:49:32 UTC] PAF UM FIELDS: Added field 'dealer_address' to form 19
[10-Jun-2025 00:49:32 UTC] PAF UM FIELDS: Added field 'dealer_city' to form 19
[10-Jun-2025 00:49:32 UTC] PAF UM FIELDS: Added field 'dealer_state' to form 19
[10-Jun-2025 00:49:32 UTC] PAF UM FIELDS: Added field 'dealer_zip' to form 19
[10-Jun-2025 00:49:32 UTC] PAF UM FIELDS: Added field 'dealer_contact_for_approval' to form 19
[10-Jun-2025 00:49:32 UTC] PAF UM FIELDS: Added field 'dealer_contact_cell_phone' to form 19
[10-Jun-2025 00:49:32 UTC] PAF UM FIELDS: Added field 'dealer_email_for_approvals' to form 19
[10-Jun-2025 00:49:32 UTC] PAF UM FIELDS: Skipping field addition for form ID: 18, mode: login
[10-Jun-2025 00:49:32 UTC] PAF UM FIELDS: Adding dealer fields to registration form ID: 17
[10-Jun-2025 00:49:32 UTC] PAF UM FIELDS: Added field 'dealer_legal_name' to form 17
[10-Jun-2025 00:49:32 UTC] PAF UM FIELDS: Added field 'dealer_federal_tax_id' to form 17
[10-Jun-2025 00:49:32 UTC] PAF UM FIELDS: Added field 'dealer_owner_full_name' to form 17
[10-Jun-2025 00:49:32 UTC] PAF UM FIELDS: Added field 'dealer_phone' to form 17
[10-Jun-2025 00:49:32 UTC] PAF UM FIELDS: Added field 'dealer_fax' to form 17
[10-Jun-2025 00:49:32 UTC] PAF UM FIELDS: Added field 'dealer_license_num' to form 17
[10-Jun-2025 00:49:32 UTC] PAF UM FIELDS: Added field 'dealer_address' to form 17
[10-Jun-2025 00:49:32 UTC] PAF UM FIELDS: Added field 'dealer_city' to form 17
[10-Jun-2025 00:49:32 UTC] PAF UM FIELDS: Added field 'dealer_state' to form 17
[10-Jun-2025 00:49:32 UTC] PAF UM FIELDS: Added field 'dealer_zip' to form 17
[10-Jun-2025 00:49:32 UTC] PAF UM FIELDS: Added field 'dealer_contact_for_approval' to form 17
[10-Jun-2025 00:49:32 UTC] PAF UM FIELDS: Added field 'dealer_contact_cell_phone' to form 17
[10-Jun-2025 00:49:32 UTC] PAF UM FIELDS: Added field 'dealer_email_for_approvals' to form 17
[10-Jun-2025 01:49:25 UTC] PAF UM FIELDS: Adding dealer fields to profile form ID: 62
[10-Jun-2025 01:49:25 UTC] PAF UM FIELDS: Added field 'dealer_legal_name' to form 62
[10-Jun-2025 01:49:25 UTC] PAF UM FIELDS: Added field 'dealer_federal_tax_id' to form 62
[10-Jun-2025 01:49:25 UTC] PAF UM FIELDS: Added field 'dealer_owner_full_name' to form 62
[10-Jun-2025 01:49:25 UTC] PAF UM FIELDS: Added field 'dealer_phone' to form 62
[10-Jun-2025 01:49:25 UTC] PAF UM FIELDS: Added field 'dealer_fax' to form 62
[10-Jun-2025 01:49:25 UTC] PAF UM FIELDS: Added field 'dealer_license_num' to form 62
[10-Jun-2025 01:49:25 UTC] PAF UM FIELDS: Added field 'dealer_address' to form 62
[10-Jun-2025 01:49:25 UTC] PAF UM FIELDS: Added field 'dealer_city' to form 62
[10-Jun-2025 01:49:25 UTC] PAF UM FIELDS: Added field 'dealer_state' to form 62
[10-Jun-2025 01:49:25 UTC] PAF UM FIELDS: Added field 'dealer_zip' to form 62
[10-Jun-2025 01:49:25 UTC] PAF UM FIELDS: Added field 'dealer_contact_for_approval' to form 62
[10-Jun-2025 01:49:25 UTC] PAF UM FIELDS: Added field 'dealer_contact_cell_phone' to form 62
[10-Jun-2025 01:49:25 UTC] PAF UM FIELDS: Added field 'dealer_email_for_approvals' to form 62
[10-Jun-2025 01:49:25 UTC] PAF UM FIELDS: Adding dealer fields to profile form ID: 19
[10-Jun-2025 01:49:25 UTC] PAF UM FIELDS: Added field 'dealer_legal_name' to form 19
[10-Jun-2025 01:49:25 UTC] PAF UM FIELDS: Added field 'dealer_federal_tax_id' to form 19
[10-Jun-2025 01:49:25 UTC] PAF UM FIELDS: Added field 'dealer_owner_full_name' to form 19
[10-Jun-2025 01:49:25 UTC] PAF UM FIELDS: Added field 'dealer_phone' to form 19
[10-Jun-2025 01:49:25 UTC] PAF UM FIELDS: Added field 'dealer_fax' to form 19
[10-Jun-2025 01:49:25 UTC] PAF UM FIELDS: Added field 'dealer_license_num' to form 19
[10-Jun-2025 01:49:25 UTC] PAF UM FIELDS: Added field 'dealer_address' to form 19
[10-Jun-2025 01:49:25 UTC] PAF UM FIELDS: Added field 'dealer_city' to form 19
[10-Jun-2025 01:49:25 UTC] PAF UM FIELDS: Added field 'dealer_state' to form 19
[10-Jun-2025 01:49:25 UTC] PAF UM FIELDS: Added field 'dealer_zip' to form 19
[10-Jun-2025 01:49:25 UTC] PAF UM FIELDS: Added field 'dealer_contact_for_approval' to form 19
[10-Jun-2025 01:49:25 UTC] PAF UM FIELDS: Added field 'dealer_contact_cell_phone' to form 19
[10-Jun-2025 01:49:25 UTC] PAF UM FIELDS: Added field 'dealer_email_for_approvals' to form 19
[10-Jun-2025 01:49:25 UTC] PAF UM FIELDS: Skipping field addition for form ID: 18, mode: login
[10-Jun-2025 01:49:25 UTC] PAF UM FIELDS: Adding dealer fields to registration form ID: 17
[10-Jun-2025 01:49:25 UTC] PAF UM FIELDS: Added field 'dealer_legal_name' to form 17
[10-Jun-2025 01:49:25 UTC] PAF UM FIELDS: Added field 'dealer_federal_tax_id' to form 17
[10-Jun-2025 01:49:25 UTC] PAF UM FIELDS: Added field 'dealer_owner_full_name' to form 17
[10-Jun-2025 01:49:25 UTC] PAF UM FIELDS: Added field 'dealer_phone' to form 17
[10-Jun-2025 01:49:25 UTC] PAF UM FIELDS: Added field 'dealer_fax' to form 17
[10-Jun-2025 01:49:25 UTC] PAF UM FIELDS: Added field 'dealer_license_num' to form 17
[10-Jun-2025 01:49:25 UTC] PAF UM FIELDS: Added field 'dealer_address' to form 17
[10-Jun-2025 01:49:25 UTC] PAF UM FIELDS: Added field 'dealer_city' to form 17
[10-Jun-2025 01:49:25 UTC] PAF UM FIELDS: Added field 'dealer_state' to form 17
[10-Jun-2025 01:49:25 UTC] PAF UM FIELDS: Added field 'dealer_zip' to form 17
[10-Jun-2025 01:49:25 UTC] PAF UM FIELDS: Added field 'dealer_contact_for_approval' to form 17
[10-Jun-2025 01:49:25 UTC] PAF UM FIELDS: Added field 'dealer_contact_cell_phone' to form 17
[10-Jun-2025 01:49:25 UTC] PAF UM FIELDS: Added field 'dealer_email_for_approvals' to form 17
[10-Jun-2025 01:50:51 UTC] PAF UM FIELDS: Adding dealer fields to profile form ID: 62
[10-Jun-2025 01:50:51 UTC] PAF UM FIELDS: Added field 'dealer_legal_name' to form 62
[10-Jun-2025 01:50:51 UTC] PAF UM FIELDS: Added field 'dealer_federal_tax_id' to form 62
[10-Jun-2025 01:50:51 UTC] PAF UM FIELDS: Added field 'dealer_owner_full_name' to form 62
[10-Jun-2025 01:50:51 UTC] PAF UM FIELDS: Added field 'dealer_phone' to form 62
[10-Jun-2025 01:50:51 UTC] PAF UM FIELDS: Added field 'dealer_fax' to form 62
[10-Jun-2025 01:50:51 UTC] PAF UM FIELDS: Added field 'dealer_license_num' to form 62
[10-Jun-2025 01:50:51 UTC] PAF UM FIELDS: Added field 'dealer_address' to form 62
[10-Jun-2025 01:50:51 UTC] PAF UM FIELDS: Added field 'dealer_city' to form 62
[10-Jun-2025 01:50:51 UTC] PAF UM FIELDS: Added field 'dealer_state' to form 62
[10-Jun-2025 01:50:51 UTC] PAF UM FIELDS: Added field 'dealer_zip' to form 62
[10-Jun-2025 01:50:51 UTC] PAF UM FIELDS: Added field 'dealer_contact_for_approval' to form 62
[10-Jun-2025 01:50:51 UTC] PAF UM FIELDS: Added field 'dealer_contact_cell_phone' to form 62
[10-Jun-2025 01:50:51 UTC] PAF UM FIELDS: Added field 'dealer_email_for_approvals' to form 62
[10-Jun-2025 01:50:51 UTC] PAF UM FIELDS: Adding dealer fields to profile form ID: 19
[10-Jun-2025 01:50:51 UTC] PAF UM FIELDS: Added field 'dealer_legal_name' to form 19
[10-Jun-2025 01:50:51 UTC] PAF UM FIELDS: Added field 'dealer_federal_tax_id' to form 19
[10-Jun-2025 01:50:51 UTC] PAF UM FIELDS: Added field 'dealer_owner_full_name' to form 19
[10-Jun-2025 01:50:51 UTC] PAF UM FIELDS: Added field 'dealer_phone' to form 19
[10-Jun-2025 01:50:51 UTC] PAF UM FIELDS: Added field 'dealer_fax' to form 19
[10-Jun-2025 01:50:51 UTC] PAF UM FIELDS: Added field 'dealer_license_num' to form 19
[10-Jun-2025 01:50:51 UTC] PAF UM FIELDS: Added field 'dealer_address' to form 19
[10-Jun-2025 01:50:51 UTC] PAF UM FIELDS: Added field 'dealer_city' to form 19
[10-Jun-2025 01:50:51 UTC] PAF UM FIELDS: Added field 'dealer_state' to form 19
[10-Jun-2025 01:50:51 UTC] PAF UM FIELDS: Added field 'dealer_zip' to form 19
[10-Jun-2025 01:50:51 UTC] PAF UM FIELDS: Added field 'dealer_contact_for_approval' to form 19
[10-Jun-2025 01:50:51 UTC] PAF UM FIELDS: Added field 'dealer_contact_cell_phone' to form 19
[10-Jun-2025 01:50:51 UTC] PAF UM FIELDS: Added field 'dealer_email_for_approvals' to form 19
[10-Jun-2025 01:50:51 UTC] PAF UM FIELDS: Skipping field addition for form ID: 18, mode: login
[10-Jun-2025 01:50:51 UTC] PAF UM FIELDS: Adding dealer fields to registration form ID: 17
[10-Jun-2025 01:50:51 UTC] PAF UM FIELDS: Added field 'dealer_legal_name' to form 17
[10-Jun-2025 01:50:51 UTC] PAF UM FIELDS: Added field 'dealer_federal_tax_id' to form 17
[10-Jun-2025 01:50:51 UTC] PAF UM FIELDS: Added field 'dealer_owner_full_name' to form 17
[10-Jun-2025 01:50:51 UTC] PAF UM FIELDS: Added field 'dealer_phone' to form 17
[10-Jun-2025 01:50:51 UTC] PAF UM FIELDS: Added field 'dealer_fax' to form 17
[10-Jun-2025 01:50:51 UTC] PAF UM FIELDS: Added field 'dealer_license_num' to form 17
[10-Jun-2025 01:50:51 UTC] PAF UM FIELDS: Added field 'dealer_address' to form 17
[10-Jun-2025 01:50:51 UTC] PAF UM FIELDS: Added field 'dealer_city' to form 17
[10-Jun-2025 01:50:51 UTC] PAF UM FIELDS: Added field 'dealer_state' to form 17
[10-Jun-2025 01:50:51 UTC] PAF UM FIELDS: Added field 'dealer_zip' to form 17
[10-Jun-2025 01:50:51 UTC] PAF UM FIELDS: Added field 'dealer_contact_for_approval' to form 17
[10-Jun-2025 01:50:51 UTC] PAF UM FIELDS: Added field 'dealer_contact_cell_phone' to form 17
[10-Jun-2025 01:50:51 UTC] PAF UM FIELDS: Added field 'dealer_email_for_approvals' to form 17
